2023-10-02T18:45:23+00:00 CRITICAL Uncaught Error: Cannot use object of type stdClass as array in /home/u615969973/domains/kapscake.in/public_html/wp-content/plugins/widget-logic/widget_logic.php:257
Stack trace:
#0 /home/u615969973/domains/kapscake.in/public_html/wp-includes/class-wp-hook.php(310): widget_logic_in_widget_form()
#1 /home/u615969973/domains/kapscake.in/public_html/wp-includes/class-wp-hook.php(334): WP_Hook->apply_filters()
#2 /home/u615969973/domains/kapscake.in/public_html/wp-includes/plugin.php(565): WP_Hook->do_action()
#3 /home/u615969973/domains/kapscake.in/public_html/wp-includes/class-wp-widget.php(553): do_action_ref_array()
#4 /home/u615969973/domains/kapscake.in/public_html/wp-includes/class-wp-customize-widgets.php(1661): WP_Widget->form_callback()
#5 /home/u615969973/domains/kapscake.in/public_html/wp-includes/class-wp-customize-widgets.php(1722): WP_Customize_Widgets->call_widget_update()
#6 /home/u615969973/domains/kapscake.in/public_html/wp-admin/includes/ajax-actions.php(2450): WP_Customize_Widgets->wp_ajax_update_widget()
#7 /home/u615969973/domains/kapscake.in/public_html/wp-includes/class-wp-hook.php(310): wp_ajax_update_widget()
#8 /home/u615969973/domains/kapscake.in/public_html/wp-includes/class-wp-hook.php(334): WP_Hook->apply_filters()
#9 /home/u615969973/domains/kapscake.in/public_html/wp-includes/plugin.php(517): WP_Hook->do_action()
#10 /home/u615969973/domains/kapscake.in/public_html/wp-admin/admin-ajax.php(188): do_action()
#11 {main}
  thrown in /home/u615969973/domains/kapscake.in/public_html/wp-content/plugins/widget-logic/widget_logic.php on line 257

2023-10-02T18:45:24+00:00 CRITICAL Uncaught Error: Cannot use object of type stdClass as array in /home/u615969973/domains/kapscake.in/public_html/wp-content/plugins/widget-logic/widget_logic.php:257
Stack trace:
#0 /home/u615969973/domains/kapscake.in/public_html/wp-includes/class-wp-hook.php(310): widget_logic_in_widget_form()
#1 /home/u615969973/domains/kapscake.in/public_html/wp-includes/class-wp-hook.php(334): WP_Hook->apply_filters()
#2 /home/u615969973/domains/kapscake.in/public_html/wp-includes/plugin.php(565): WP_Hook->do_action()
#3 /home/u615969973/domains/kapscake.in/public_html/wp-includes/class-wp-widget.php(553): do_action_ref_array()
#4 /home/u615969973/domains/kapscake.in/public_html/wp-includes/class-wp-customize-widgets.php(1661): WP_Widget->form_callback()
#5 /home/u615969973/domains/kapscake.in/public_html/wp-includes/class-wp-customize-widgets.php(1722): WP_Customize_Widgets->call_widget_update()
#6 /home/u615969973/domains/kapscake.in/public_html/wp-admin/includes/ajax-actions.php(2450): WP_Customize_Widgets->wp_ajax_update_widget()
#7 /home/u615969973/domains/kapscake.in/public_html/wp-includes/class-wp-hook.php(310): wp_ajax_update_widget()
#8 /home/u615969973/domains/kapscake.in/public_html/wp-includes/class-wp-hook.php(334): WP_Hook->apply_filters()
#9 /home/u615969973/domains/kapscake.in/public_html/wp-includes/plugin.php(517): WP_Hook->do_action()
#10 /home/u615969973/domains/kapscake.in/public_html/wp-admin/admin-ajax.php(188): do_action()
#11 {main}
  thrown in /home/u615969973/domains/kapscake.in/public_html/wp-content/plugins/widget-logic/widget_logic.php on line 257

2023-10-02T18:45:25+00:00 CRITICAL Uncaught Error: Cannot use object of type stdClass as array in /home/u615969973/domains/kapscake.in/public_html/wp-content/plugins/widget-logic/widget_logic.php:257
Stack trace:
#0 /home/u615969973/domains/kapscake.in/public_html/wp-includes/class-wp-hook.php(310): widget_logic_in_widget_form()
#1 /home/u615969973/domains/kapscake.in/public_html/wp-includes/class-wp-hook.php(334): WP_Hook->apply_filters()
#2 /home/u615969973/domains/kapscake.in/public_html/wp-includes/plugin.php(565): WP_Hook->do_action()
#3 /home/u615969973/domains/kapscake.in/public_html/wp-includes/class-wp-widget.php(553): do_action_ref_array()
#4 /home/u615969973/domains/kapscake.in/public_html/wp-includes/class-wp-customize-widgets.php(1661): WP_Widget->form_callback()
#5 /home/u615969973/domains/kapscake.in/public_html/wp-includes/class-wp-customize-widgets.php(1722): WP_Customize_Widgets->call_widget_update()
#6 /home/u615969973/domains/kapscake.in/public_html/wp-admin/includes/ajax-actions.php(2450): WP_Customize_Widgets->wp_ajax_update_widget()
#7 /home/u615969973/domains/kapscake.in/public_html/wp-includes/class-wp-hook.php(310): wp_ajax_update_widget()
#8 /home/u615969973/domains/kapscake.in/public_html/wp-includes/class-wp-hook.php(334): WP_Hook->apply_filters()
#9 /home/u615969973/domains/kapscake.in/public_html/wp-includes/plugin.php(517): WP_Hook->do_action()
#10 /home/u615969973/domains/kapscake.in/public_html/wp-admin/admin-ajax.php(188): do_action()
#11 {main}
  thrown in /home/u615969973/domains/kapscake.in/public_html/wp-content/plugins/widget-logic/widget_logic.php on line 257

2023-10-02T18:45:32+00:00 CRITICAL Uncaught Error: Cannot use object of type stdClass as array in /home/u615969973/domains/kapscake.in/public_html/wp-content/plugins/widget-logic/widget_logic.php:257
Stack trace:
#0 /home/u615969973/domains/kapscake.in/public_html/wp-includes/class-wp-hook.php(310): widget_logic_in_widget_form()
#1 /home/u615969973/domains/kapscake.in/public_html/wp-includes/class-wp-hook.php(334): WP_Hook->apply_filters()
#2 /home/u615969973/domains/kapscake.in/public_html/wp-includes/plugin.php(565): WP_Hook->do_action()
#3 /home/u615969973/domains/kapscake.in/public_html/wp-includes/class-wp-widget.php(553): do_action_ref_array()
#4 /home/u615969973/domains/kapscake.in/public_html/wp-includes/class-wp-customize-widgets.php(1661): WP_Widget->form_callback()
#5 /home/u615969973/domains/kapscake.in/public_html/wp-includes/class-wp-customize-widgets.php(1722): WP_Customize_Widgets->call_widget_update()
#6 /home/u615969973/domains/kapscake.in/public_html/wp-admin/includes/ajax-actions.php(2450): WP_Customize_Widgets->wp_ajax_update_widget()
#7 /home/u615969973/domains/kapscake.in/public_html/wp-includes/class-wp-hook.php(310): wp_ajax_update_widget()
#8 /home/u615969973/domains/kapscake.in/public_html/wp-includes/class-wp-hook.php(334): WP_Hook->apply_filters()
#9 /home/u615969973/domains/kapscake.in/public_html/wp-includes/plugin.php(517): WP_Hook->do_action()
#10 /home/u615969973/domains/kapscake.in/public_html/wp-admin/admin-ajax.php(188): do_action()
#11 {main}
  thrown in /home/u615969973/domains/kapscake.in/public_html/wp-content/plugins/widget-logic/widget_logic.php on line 257

2023-10-02T18:45:32+00:00 CRITICAL Uncaught Error: Cannot use object of type stdClass as array in /home/u615969973/domains/kapscake.in/public_html/wp-content/plugins/widget-logic/widget_logic.php:257
Stack trace:
#0 /home/u615969973/domains/kapscake.in/public_html/wp-includes/class-wp-hook.php(310): widget_logic_in_widget_form()
#1 /home/u615969973/domains/kapscake.in/public_html/wp-includes/class-wp-hook.php(334): WP_Hook->apply_filters()
#2 /home/u615969973/domains/kapscake.in/public_html/wp-includes/plugin.php(565): WP_Hook->do_action()
#3 /home/u615969973/domains/kapscake.in/public_html/wp-includes/class-wp-widget.php(553): do_action_ref_array()
#4 /home/u615969973/domains/kapscake.in/public_html/wp-includes/class-wp-customize-widgets.php(1661): WP_Widget->form_callback()
#5 /home/u615969973/domains/kapscake.in/public_html/wp-includes/class-wp-customize-widgets.php(1722): WP_Customize_Widgets->call_widget_update()
#6 /home/u615969973/domains/kapscake.in/public_html/wp-admin/includes/ajax-actions.php(2450): WP_Customize_Widgets->wp_ajax_update_widget()
#7 /home/u615969973/domains/kapscake.in/public_html/wp-includes/class-wp-hook.php(310): wp_ajax_update_widget()
#8 /home/u615969973/domains/kapscake.in/public_html/wp-includes/class-wp-hook.php(334): WP_Hook->apply_filters()
#9 /home/u615969973/domains/kapscake.in/public_html/wp-includes/plugin.php(517): WP_Hook->do_action()
#10 /home/u615969973/domains/kapscake.in/public_html/wp-admin/admin-ajax.php(188): do_action()
#11 {main}
  thrown in /home/u615969973/domains/kapscake.in/public_html/wp-content/plugins/widget-logic/widget_logic.php on line 257

2023-10-02T18:45:34+00:00 CRITICAL Uncaught Error: Cannot use object of type stdClass as array in /home/u615969973/domains/kapscake.in/public_html/wp-content/plugins/widget-logic/widget_logic.php:257
Stack trace:
#0 /home/u615969973/domains/kapscake.in/public_html/wp-includes/class-wp-hook.php(310): widget_logic_in_widget_form()
#1 /home/u615969973/domains/kapscake.in/public_html/wp-includes/class-wp-hook.php(334): WP_Hook->apply_filters()
#2 /home/u615969973/domains/kapscake.in/public_html/wp-includes/plugin.php(565): WP_Hook->do_action()
#3 /home/u615969973/domains/kapscake.in/public_html/wp-includes/class-wp-widget.php(553): do_action_ref_array()
#4 /home/u615969973/domains/kapscake.in/public_html/wp-includes/class-wp-customize-widgets.php(1661): WP_Widget->form_callback()
#5 /home/u615969973/domains/kapscake.in/public_html/wp-includes/class-wp-customize-widgets.php(1722): WP_Customize_Widgets->call_widget_update()
#6 /home/u615969973/domains/kapscake.in/public_html/wp-admin/includes/ajax-actions.php(2450): WP_Customize_Widgets->wp_ajax_update_widget()
#7 /home/u615969973/domains/kapscake.in/public_html/wp-includes/class-wp-hook.php(310): wp_ajax_update_widget()
#8 /home/u615969973/domains/kapscake.in/public_html/wp-includes/class-wp-hook.php(334): WP_Hook->apply_filters()
#9 /home/u615969973/domains/kapscake.in/public_html/wp-includes/plugin.php(517): WP_Hook->do_action()
#10 /home/u615969973/domains/kapscake.in/public_html/wp-admin/admin-ajax.php(188): do_action()
#11 {main}
  thrown in /home/u615969973/domains/kapscake.in/public_html/wp-content/plugins/widget-logic/widget_logic.php on line 257

2023-10-02T18:45:36+00:00 CRITICAL Uncaught Error: Cannot use object of type stdClass as array in /home/u615969973/domains/kapscake.in/public_html/wp-content/plugins/widget-logic/widget_logic.php:257
Stack trace:
#0 /home/u615969973/domains/kapscake.in/public_html/wp-includes/class-wp-hook.php(310): widget_logic_in_widget_form()
#1 /home/u615969973/domains/kapscake.in/public_html/wp-includes/class-wp-hook.php(334): WP_Hook->apply_filters()
#2 /home/u615969973/domains/kapscake.in/public_html/wp-includes/plugin.php(565): WP_Hook->do_action()
#3 /home/u615969973/domains/kapscake.in/public_html/wp-includes/class-wp-widget.php(553): do_action_ref_array()
#4 /home/u615969973/domains/kapscake.in/public_html/wp-includes/class-wp-customize-widgets.php(1661): WP_Widget->form_callback()
#5 /home/u615969973/domains/kapscake.in/public_html/wp-includes/class-wp-customize-widgets.php(1722): WP_Customize_Widgets->call_widget_update()
#6 /home/u615969973/domains/kapscake.in/public_html/wp-admin/includes/ajax-actions.php(2450): WP_Customize_Widgets->wp_ajax_update_widget()
#7 /home/u615969973/domains/kapscake.in/public_html/wp-includes/class-wp-hook.php(310): wp_ajax_update_widget()
#8 /home/u615969973/domains/kapscake.in/public_html/wp-includes/class-wp-hook.php(334): WP_Hook->apply_filters()
#9 /home/u615969973/domains/kapscake.in/public_html/wp-includes/plugin.php(517): WP_Hook->do_action()
#10 /home/u615969973/domains/kapscake.in/public_html/wp-admin/admin-ajax.php(188): do_action()
#11 {main}
  thrown in /home/u615969973/domains/kapscake.in/public_html/wp-content/plugins/widget-logic/widget_logic.php on line 257

2023-10-02T18:45:36+00:00 CRITICAL Uncaught Error: Cannot use object of type stdClass as array in /home/u615969973/domains/kapscake.in/public_html/wp-content/plugins/widget-logic/widget_logic.php:257
Stack trace:
#0 /home/u615969973/domains/kapscake.in/public_html/wp-includes/class-wp-hook.php(310): widget_logic_in_widget_form()
#1 /home/u615969973/domains/kapscake.in/public_html/wp-includes/class-wp-hook.php(334): WP_Hook->apply_filters()
#2 /home/u615969973/domains/kapscake.in/public_html/wp-includes/plugin.php(565): WP_Hook->do_action()
#3 /home/u615969973/domains/kapscake.in/public_html/wp-includes/class-wp-widget.php(553): do_action_ref_array()
#4 /home/u615969973/domains/kapscake.in/public_html/wp-includes/class-wp-customize-widgets.php(1661): WP_Widget->form_callback()
#5 /home/u615969973/domains/kapscake.in/public_html/wp-includes/class-wp-customize-widgets.php(1722): WP_Customize_Widgets->call_widget_update()
#6 /home/u615969973/domains/kapscake.in/public_html/wp-admin/includes/ajax-actions.php(2450): WP_Customize_Widgets->wp_ajax_update_widget()
#7 /home/u615969973/domains/kapscake.in/public_html/wp-includes/class-wp-hook.php(310): wp_ajax_update_widget()
#8 /home/u615969973/domains/kapscake.in/public_html/wp-includes/class-wp-hook.php(334): WP_Hook->apply_filters()
#9 /home/u615969973/domains/kapscake.in/public_html/wp-includes/plugin.php(517): WP_Hook->do_action()
#10 /home/u615969973/domains/kapscake.in/public_html/wp-admin/admin-ajax.php(188): do_action()
#11 {main}
  thrown in /home/u615969973/domains/kapscake.in/public_html/wp-content/plugins/widget-logic/widget_logic.php on line 257

2023-10-02T18:45:45+00:00 CRITICAL Uncaught Error: Cannot use object of type stdClass as array in /home/u615969973/domains/kapscake.in/public_html/wp-content/plugins/widget-logic/widget_logic.php:257
Stack trace:
#0 /home/u615969973/domains/kapscake.in/public_html/wp-includes/class-wp-hook.php(310): widget_logic_in_widget_form()
#1 /home/u615969973/domains/kapscake.in/public_html/wp-includes/class-wp-hook.php(334): WP_Hook->apply_filters()
#2 /home/u615969973/domains/kapscake.in/public_html/wp-includes/plugin.php(565): WP_Hook->do_action()
#3 /home/u615969973/domains/kapscake.in/public_html/wp-includes/class-wp-widget.php(553): do_action_ref_array()
#4 /home/u615969973/domains/kapscake.in/public_html/wp-includes/class-wp-customize-widgets.php(1661): WP_Widget->form_callback()
#5 /home/u615969973/domains/kapscake.in/public_html/wp-includes/class-wp-customize-widgets.php(1722): WP_Customize_Widgets->call_widget_update()
#6 /home/u615969973/domains/kapscake.in/public_html/wp-admin/includes/ajax-actions.php(2450): WP_Customize_Widgets->wp_ajax_update_widget()
#7 /home/u615969973/domains/kapscake.in/public_html/wp-includes/class-wp-hook.php(310): wp_ajax_update_widget()
#8 /home/u615969973/domains/kapscake.in/public_html/wp-includes/class-wp-hook.php(334): WP_Hook->apply_filters()
#9 /home/u615969973/domains/kapscake.in/public_html/wp-includes/plugin.php(517): WP_Hook->do_action()
#10 /home/u615969973/domains/kapscake.in/public_html/wp-admin/admin-ajax.php(188): do_action()
#11 {main}
  thrown in /home/u615969973/domains/kapscake.in/public_html/wp-content/plugins/widget-logic/widget_logic.php on line 257

2023-10-02T18:46:09+00:00 CRITICAL Uncaught Error: Cannot use object of type stdClass as array in /home/u615969973/domains/kapscake.in/public_html/wp-content/plugins/widget-logic/widget_logic.php:257
Stack trace:
#0 /home/u615969973/domains/kapscake.in/public_html/wp-includes/class-wp-hook.php(310): widget_logic_in_widget_form()
#1 /home/u615969973/domains/kapscake.in/public_html/wp-includes/class-wp-hook.php(334): WP_Hook->apply_filters()
#2 /home/u615969973/domains/kapscake.in/public_html/wp-includes/plugin.php(565): WP_Hook->do_action()
#3 /home/u615969973/domains/kapscake.in/public_html/wp-includes/class-wp-widget.php(553): do_action_ref_array()
#4 /home/u615969973/domains/kapscake.in/public_html/wp-includes/class-wp-customize-widgets.php(1661): WP_Widget->form_callback()
#5 /home/u615969973/domains/kapscake.in/public_html/wp-includes/class-wp-customize-widgets.php(1722): WP_Customize_Widgets->call_widget_update()
#6 /home/u615969973/domains/kapscake.in/public_html/wp-admin/includes/ajax-actions.php(2450): WP_Customize_Widgets->wp_ajax_update_widget()
#7 /home/u615969973/domains/kapscake.in/public_html/wp-includes/class-wp-hook.php(310): wp_ajax_update_widget()
#8 /home/u615969973/domains/kapscake.in/public_html/wp-includes/class-wp-hook.php(334): WP_Hook->apply_filters()
#9 /home/u615969973/domains/kapscake.in/public_html/wp-includes/plugin.php(517): WP_Hook->do_action()
#10 /home/u615969973/domains/kapscake.in/public_html/wp-admin/admin-ajax.php(188): do_action()
#11 {main}
  thrown in /home/u615969973/domains/kapscake.in/public_html/wp-content/plugins/widget-logic/widget_logic.php on line 257

2023-10-02T18:46:10+00:00 CRITICAL Uncaught Error: Cannot use object of type stdClass as array in /home/u615969973/domains/kapscake.in/public_html/wp-content/plugins/widget-logic/widget_logic.php:257
Stack trace:
#0 /home/u615969973/domains/kapscake.in/public_html/wp-includes/class-wp-hook.php(310): widget_logic_in_widget_form()
#1 /home/u615969973/domains/kapscake.in/public_html/wp-includes/class-wp-hook.php(334): WP_Hook->apply_filters()
#2 /home/u615969973/domains/kapscake.in/public_html/wp-includes/plugin.php(565): WP_Hook->do_action()
#3 /home/u615969973/domains/kapscake.in/public_html/wp-includes/class-wp-widget.php(553): do_action_ref_array()
#4 /home/u615969973/domains/kapscake.in/public_html/wp-includes/class-wp-customize-widgets.php(1661): WP_Widget->form_callback()
#5 /home/u615969973/domains/kapscake.in/public_html/wp-includes/class-wp-customize-widgets.php(1722): WP_Customize_Widgets->call_widget_update()
#6 /home/u615969973/domains/kapscake.in/public_html/wp-admin/includes/ajax-actions.php(2450): WP_Customize_Widgets->wp_ajax_update_widget()
#7 /home/u615969973/domains/kapscake.in/public_html/wp-includes/class-wp-hook.php(310): wp_ajax_update_widget()
#8 /home/u615969973/domains/kapscake.in/public_html/wp-includes/class-wp-hook.php(334): WP_Hook->apply_filters()
#9 /home/u615969973/domains/kapscake.in/public_html/wp-includes/plugin.php(517): WP_Hook->do_action()
#10 /home/u615969973/domains/kapscake.in/public_html/wp-admin/admin-ajax.php(188): do_action()
#11 {main}
  thrown in /home/u615969973/domains/kapscake.in/public_html/wp-content/plugins/widget-logic/widget_logic.php on line 257

2023-10-02T18:46:15+00:00 CRITICAL Uncaught Error: Cannot use object of type stdClass as array in /home/u615969973/domains/kapscake.in/public_html/wp-content/plugins/widget-logic/widget_logic.php:257
Stack trace:
#0 /home/u615969973/domains/kapscake.in/public_html/wp-includes/class-wp-hook.php(310): widget_logic_in_widget_form()
#1 /home/u615969973/domains/kapscake.in/public_html/wp-includes/class-wp-hook.php(334): WP_Hook->apply_filters()
#2 /home/u615969973/domains/kapscake.in/public_html/wp-includes/plugin.php(565): WP_Hook->do_action()
#3 /home/u615969973/domains/kapscake.in/public_html/wp-includes/class-wp-widget.php(553): do_action_ref_array()
#4 /home/u615969973/domains/kapscake.in/public_html/wp-includes/class-wp-customize-widgets.php(1661): WP_Widget->form_callback()
#5 /home/u615969973/domains/kapscake.in/public_html/wp-includes/class-wp-customize-widgets.php(1722): WP_Customize_Widgets->call_widget_update()
#6 /home/u615969973/domains/kapscake.in/public_html/wp-admin/includes/ajax-actions.php(2450): WP_Customize_Widgets->wp_ajax_update_widget()
#7 /home/u615969973/domains/kapscake.in/public_html/wp-includes/class-wp-hook.php(310): wp_ajax_update_widget()
#8 /home/u615969973/domains/kapscake.in/public_html/wp-includes/class-wp-hook.php(334): WP_Hook->apply_filters()
#9 /home/u615969973/domains/kapscake.in/public_html/wp-includes/plugin.php(517): WP_Hook->do_action()
#10 /home/u615969973/domains/kapscake.in/public_html/wp-admin/admin-ajax.php(188): do_action()
#11 {main}
  thrown in /home/u615969973/domains/kapscake.in/public_html/wp-content/plugins/widget-logic/widget_logic.php on line 257

2023-10-02T18:46:20+00:00 CRITICAL Uncaught Error: Cannot use object of type stdClass as array in /home/u615969973/domains/kapscake.in/public_html/wp-content/plugins/widget-logic/widget_logic.php:257
Stack trace:
#0 /home/u615969973/domains/kapscake.in/public_html/wp-includes/class-wp-hook.php(310): widget_logic_in_widget_form()
#1 /home/u615969973/domains/kapscake.in/public_html/wp-includes/class-wp-hook.php(334): WP_Hook->apply_filters()
#2 /home/u615969973/domains/kapscake.in/public_html/wp-includes/plugin.php(565): WP_Hook->do_action()
#3 /home/u615969973/domains/kapscake.in/public_html/wp-includes/class-wp-widget.php(553): do_action_ref_array()
#4 /home/u615969973/domains/kapscake.in/public_html/wp-includes/class-wp-customize-widgets.php(1661): WP_Widget->form_callback()
#5 /home/u615969973/domains/kapscake.in/public_html/wp-includes/class-wp-customize-widgets.php(1722): WP_Customize_Widgets->call_widget_update()
#6 /home/u615969973/domains/kapscake.in/public_html/wp-admin/includes/ajax-actions.php(2450): WP_Customize_Widgets->wp_ajax_update_widget()
#7 /home/u615969973/domains/kapscake.in/public_html/wp-includes/class-wp-hook.php(310): wp_ajax_update_widget()
#8 /home/u615969973/domains/kapscake.in/public_html/wp-includes/class-wp-hook.php(334): WP_Hook->apply_filters()
#9 /home/u615969973/domains/kapscake.in/public_html/wp-includes/plugin.php(517): WP_Hook->do_action()
#10 /home/u615969973/domains/kapscake.in/public_html/wp-admin/admin-ajax.php(188): do_action()
#11 {main}
  thrown in /home/u615969973/domains/kapscake.in/public_html/wp-content/plugins/widget-logic/widget_logic.php on line 257

2023-10-02T18:47:02+00:00 CRITICAL Uncaught Error: Cannot use object of type stdClass as array in /home/u615969973/domains/kapscake.in/public_html/wp-content/plugins/widget-logic/widget_logic.php:257
Stack trace:
#0 /home/u615969973/domains/kapscake.in/public_html/wp-includes/class-wp-hook.php(310): widget_logic_in_widget_form()
#1 /home/u615969973/domains/kapscake.in/public_html/wp-includes/class-wp-hook.php(334): WP_Hook->apply_filters()
#2 /home/u615969973/domains/kapscake.in/public_html/wp-includes/plugin.php(565): WP_Hook->do_action()
#3 /home/u615969973/domains/kapscake.in/public_html/wp-includes/class-wp-widget.php(553): do_action_ref_array()
#4 /home/u615969973/domains/kapscake.in/public_html/wp-includes/class-wp-customize-widgets.php(1661): WP_Widget->form_callback()
#5 /home/u615969973/domains/kapscake.in/public_html/wp-includes/class-wp-customize-widgets.php(1722): WP_Customize_Widgets->call_widget_update()
#6 /home/u615969973/domains/kapscake.in/public_html/wp-admin/includes/ajax-actions.php(2450): WP_Customize_Widgets->wp_ajax_update_widget()
#7 /home/u615969973/domains/kapscake.in/public_html/wp-includes/class-wp-hook.php(310): wp_ajax_update_widget()
#8 /home/u615969973/domains/kapscake.in/public_html/wp-includes/class-wp-hook.php(334): WP_Hook->apply_filters()
#9 /home/u615969973/domains/kapscake.in/public_html/wp-includes/plugin.php(517): WP_Hook->do_action()
#10 /home/u615969973/domains/kapscake.in/public_html/wp-admin/admin-ajax.php(188): do_action()
#11 {main}
  thrown in /home/u615969973/domains/kapscake.in/public_html/wp-content/plugins/widget-logic/widget_logic.php on line 257

2023-10-02T18:47:13+00:00 CRITICAL Uncaught Error: Cannot use object of type stdClass as array in /home/u615969973/domains/kapscake.in/public_html/wp-content/plugins/widget-logic/widget_logic.php:257
Stack trace:
#0 /home/u615969973/domains/kapscake.in/public_html/wp-includes/class-wp-hook.php(310): widget_logic_in_widget_form()
#1 /home/u615969973/domains/kapscake.in/public_html/wp-includes/class-wp-hook.php(334): WP_Hook->apply_filters()
#2 /home/u615969973/domains/kapscake.in/public_html/wp-includes/plugin.php(565): WP_Hook->do_action()
#3 /home/u615969973/domains/kapscake.in/public_html/wp-includes/class-wp-widget.php(553): do_action_ref_array()
#4 /home/u615969973/domains/kapscake.in/public_html/wp-includes/class-wp-customize-widgets.php(1661): WP_Widget->form_callback()
#5 /home/u615969973/domains/kapscake.in/public_html/wp-includes/class-wp-customize-widgets.php(1722): WP_Customize_Widgets->call_widget_update()
#6 /home/u615969973/domains/kapscake.in/public_html/wp-admin/includes/ajax-actions.php(2450): WP_Customize_Widgets->wp_ajax_update_widget()
#7 /home/u615969973/domains/kapscake.in/public_html/wp-includes/class-wp-hook.php(310): wp_ajax_update_widget()
#8 /home/u615969973/domains/kapscake.in/public_html/wp-includes/class-wp-hook.php(334): WP_Hook->apply_filters()
#9 /home/u615969973/domains/kapscake.in/public_html/wp-includes/plugin.php(517): WP_Hook->do_action()
#10 /home/u615969973/domains/kapscake.in/public_html/wp-admin/admin-ajax.php(188): do_action()
#11 {main}
  thrown in /home/u615969973/domains/kapscake.in/public_html/wp-content/plugins/widget-logic/widget_logic.php on line 257

2023-10-02T18:47:13+00:00 CRITICAL Uncaught Error: Cannot use object of type stdClass as array in /home/u615969973/domains/kapscake.in/public_html/wp-content/plugins/widget-logic/widget_logic.php:257
Stack trace:
#0 /home/u615969973/domains/kapscake.in/public_html/wp-includes/class-wp-hook.php(310): widget_logic_in_widget_form()
#1 /home/u615969973/domains/kapscake.in/public_html/wp-includes/class-wp-hook.php(334): WP_Hook->apply_filters()
#2 /home/u615969973/domains/kapscake.in/public_html/wp-includes/plugin.php(565): WP_Hook->do_action()
#3 /home/u615969973/domains/kapscake.in/public_html/wp-includes/class-wp-widget.php(553): do_action_ref_array()
#4 /home/u615969973/domains/kapscake.in/public_html/wp-includes/class-wp-customize-widgets.php(1661): WP_Widget->form_callback()
#5 /home/u615969973/domains/kapscake.in/public_html/wp-includes/class-wp-customize-widgets.php(1722): WP_Customize_Widgets->call_widget_update()
#6 /home/u615969973/domains/kapscake.in/public_html/wp-admin/includes/ajax-actions.php(2450): WP_Customize_Widgets->wp_ajax_update_widget()
#7 /home/u615969973/domains/kapscake.in/public_html/wp-includes/class-wp-hook.php(310): wp_ajax_update_widget()
#8 /home/u615969973/domains/kapscake.in/public_html/wp-includes/class-wp-hook.php(334): WP_Hook->apply_filters()
#9 /home/u615969973/domains/kapscake.in/public_html/wp-includes/plugin.php(517): WP_Hook->do_action()
#10 /home/u615969973/domains/kapscake.in/public_html/wp-admin/admin-ajax.php(188): do_action()
#11 {main}
  thrown in /home/u615969973/domains/kapscake.in/public_html/wp-content/plugins/widget-logic/widget_logic.php on line 257

2023-10-02T18:47:14+00:00 CRITICAL Uncaught Error: Cannot use object of type stdClass as array in /home/u615969973/domains/kapscake.in/public_html/wp-content/plugins/widget-logic/widget_logic.php:257
Stack trace:
#0 /home/u615969973/domains/kapscake.in/public_html/wp-includes/class-wp-hook.php(310): widget_logic_in_widget_form()
#1 /home/u615969973/domains/kapscake.in/public_html/wp-includes/class-wp-hook.php(334): WP_Hook->apply_filters()
#2 /home/u615969973/domains/kapscake.in/public_html/wp-includes/plugin.php(565): WP_Hook->do_action()
#3 /home/u615969973/domains/kapscake.in/public_html/wp-includes/class-wp-widget.php(553): do_action_ref_array()
#4 /home/u615969973/domains/kapscake.in/public_html/wp-includes/class-wp-customize-widgets.php(1661): WP_Widget->form_callback()
#5 /home/u615969973/domains/kapscake.in/public_html/wp-includes/class-wp-customize-widgets.php(1722): WP_Customize_Widgets->call_widget_update()
#6 /home/u615969973/domains/kapscake.in/public_html/wp-admin/includes/ajax-actions.php(2450): WP_Customize_Widgets->wp_ajax_update_widget()
#7 /home/u615969973/domains/kapscake.in/public_html/wp-includes/class-wp-hook.php(310): wp_ajax_update_widget()
#8 /home/u615969973/domains/kapscake.in/public_html/wp-includes/class-wp-hook.php(334): WP_Hook->apply_filters()
#9 /home/u615969973/domains/kapscake.in/public_html/wp-includes/plugin.php(517): WP_Hook->do_action()
#10 /home/u615969973/domains/kapscake.in/public_html/wp-admin/admin-ajax.php(188): do_action()
#11 {main}
  thrown in /home/u615969973/domains/kapscake.in/public_html/wp-content/plugins/widget-logic/widget_logic.php on line 257

2023-10-02T18:47:16+00:00 CRITICAL Uncaught Error: Cannot use object of type stdClass as array in /home/u615969973/domains/kapscake.in/public_html/wp-content/plugins/widget-logic/widget_logic.php:257
Stack trace:
#0 /home/u615969973/domains/kapscake.in/public_html/wp-includes/class-wp-hook.php(310): widget_logic_in_widget_form()
#1 /home/u615969973/domains/kapscake.in/public_html/wp-includes/class-wp-hook.php(334): WP_Hook->apply_filters()
#2 /home/u615969973/domains/kapscake.in/public_html/wp-includes/plugin.php(565): WP_Hook->do_action()
#3 /home/u615969973/domains/kapscake.in/public_html/wp-includes/class-wp-widget.php(553): do_action_ref_array()
#4 /home/u615969973/domains/kapscake.in/public_html/wp-includes/class-wp-customize-widgets.php(1661): WP_Widget->form_callback()
#5 /home/u615969973/domains/kapscake.in/public_html/wp-includes/class-wp-customize-widgets.php(1722): WP_Customize_Widgets->call_widget_update()
#6 /home/u615969973/domains/kapscake.in/public_html/wp-admin/includes/ajax-actions.php(2450): WP_Customize_Widgets->wp_ajax_update_widget()
#7 /home/u615969973/domains/kapscake.in/public_html/wp-includes/class-wp-hook.php(310): wp_ajax_update_widget()
#8 /home/u615969973/domains/kapscake.in/public_html/wp-includes/class-wp-hook.php(334): WP_Hook->apply_filters()
#9 /home/u615969973/domains/kapscake.in/public_html/wp-includes/plugin.php(517): WP_Hook->do_action()
#10 /home/u615969973/domains/kapscake.in/public_html/wp-admin/admin-ajax.php(188): do_action()
#11 {main}
  thrown in /home/u615969973/domains/kapscake.in/public_html/wp-content/plugins/widget-logic/widget_logic.php on line 257

2023-10-02T18:47:16+00:00 CRITICAL Uncaught Error: Cannot use object of type stdClass as array in /home/u615969973/domains/kapscake.in/public_html/wp-content/plugins/widget-logic/widget_logic.php:257
Stack trace:
#0 /home/u615969973/domains/kapscake.in/public_html/wp-includes/class-wp-hook.php(310): widget_logic_in_widget_form()
#1 /home/u615969973/domains/kapscake.in/public_html/wp-includes/class-wp-hook.php(334): WP_Hook->apply_filters()
#2 /home/u615969973/domains/kapscake.in/public_html/wp-includes/plugin.php(565): WP_Hook->do_action()
#3 /home/u615969973/domains/kapscake.in/public_html/wp-includes/class-wp-widget.php(553): do_action_ref_array()
#4 /home/u615969973/domains/kapscake.in/public_html/wp-includes/class-wp-customize-widgets.php(1661): WP_Widget->form_callback()
#5 /home/u615969973/domains/kapscake.in/public_html/wp-includes/class-wp-customize-widgets.php(1722): WP_Customize_Widgets->call_widget_update()
#6 /home/u615969973/domains/kapscake.in/public_html/wp-admin/includes/ajax-actions.php(2450): WP_Customize_Widgets->wp_ajax_update_widget()
#7 /home/u615969973/domains/kapscake.in/public_html/wp-includes/class-wp-hook.php(310): wp_ajax_update_widget()
#8 /home/u615969973/domains/kapscake.in/public_html/wp-includes/class-wp-hook.php(334): WP_Hook->apply_filters()
#9 /home/u615969973/domains/kapscake.in/public_html/wp-includes/plugin.php(517): WP_Hook->do_action()
#10 /home/u615969973/domains/kapscake.in/public_html/wp-admin/admin-ajax.php(188): do_action()
#11 {main}
  thrown in /home/u615969973/domains/kapscake.in/public_html/wp-content/plugins/widget-logic/widget_logic.php on line 257

2023-10-02T18:47:17+00:00 CRITICAL Uncaught Error: Cannot use object of type stdClass as array in /home/u615969973/domains/kapscake.in/public_html/wp-content/plugins/widget-logic/widget_logic.php:257
Stack trace:
#0 /home/u615969973/domains/kapscake.in/public_html/wp-includes/class-wp-hook.php(310): widget_logic_in_widget_form()
#1 /home/u615969973/domains/kapscake.in/public_html/wp-includes/class-wp-hook.php(334): WP_Hook->apply_filters()
#2 /home/u615969973/domains/kapscake.in/public_html/wp-includes/plugin.php(565): WP_Hook->do_action()
#3 /home/u615969973/domains/kapscake.in/public_html/wp-includes/class-wp-widget.php(553): do_action_ref_array()
#4 /home/u615969973/domains/kapscake.in/public_html/wp-includes/class-wp-customize-widgets.php(1661): WP_Widget->form_callback()
#5 /home/u615969973/domains/kapscake.in/public_html/wp-includes/class-wp-customize-widgets.php(1722): WP_Customize_Widgets->call_widget_update()
#6 /home/u615969973/domains/kapscake.in/public_html/wp-admin/includes/ajax-actions.php(2450): WP_Customize_Widgets->wp_ajax_update_widget()
#7 /home/u615969973/domains/kapscake.in/public_html/wp-includes/class-wp-hook.php(310): wp_ajax_update_widget()
#8 /home/u615969973/domains/kapscake.in/public_html/wp-includes/class-wp-hook.php(334): WP_Hook->apply_filters()
#9 /home/u615969973/domains/kapscake.in/public_html/wp-includes/plugin.php(517): WP_Hook->do_action()
#10 /home/u615969973/domains/kapscake.in/public_html/wp-admin/admin-ajax.php(188): do_action()
#11 {main}
  thrown in /home/u615969973/domains/kapscake.in/public_html/wp-content/plugins/widget-logic/widget_logic.php on line 257

2023-10-02T18:47:17+00:00 CRITICAL Uncaught Error: Cannot use object of type stdClass as array in /home/u615969973/domains/kapscake.in/public_html/wp-content/plugins/widget-logic/widget_logic.php:257
Stack trace:
#0 /home/u615969973/domains/kapscake.in/public_html/wp-includes/class-wp-hook.php(310): widget_logic_in_widget_form()
#1 /home/u615969973/domains/kapscake.in/public_html/wp-includes/class-wp-hook.php(334): WP_Hook->apply_filters()
#2 /home/u615969973/domains/kapscake.in/public_html/wp-includes/plugin.php(565): WP_Hook->do_action()
#3 /home/u615969973/domains/kapscake.in/public_html/wp-includes/class-wp-widget.php(553): do_action_ref_array()
#4 /home/u615969973/domains/kapscake.in/public_html/wp-includes/class-wp-customize-widgets.php(1661): WP_Widget->form_callback()
#5 /home/u615969973/domains/kapscake.in/public_html/wp-includes/class-wp-customize-widgets.php(1722): WP_Customize_Widgets->call_widget_update()
#6 /home/u615969973/domains/kapscake.in/public_html/wp-admin/includes/ajax-actions.php(2450): WP_Customize_Widgets->wp_ajax_update_widget()
#7 /home/u615969973/domains/kapscake.in/public_html/wp-includes/class-wp-hook.php(310): wp_ajax_update_widget()
#8 /home/u615969973/domains/kapscake.in/public_html/wp-includes/class-wp-hook.php(334): WP_Hook->apply_filters()
#9 /home/u615969973/domains/kapscake.in/public_html/wp-includes/plugin.php(517): WP_Hook->do_action()
#10 /home/u615969973/domains/kapscake.in/public_html/wp-admin/admin-ajax.php(188): do_action()
#11 {main}
  thrown in /home/u615969973/domains/kapscake.in/public_html/wp-content/plugins/widget-logic/widget_logic.php on line 257

2023-10-02T18:47:27+00:00 CRITICAL Uncaught Error: Cannot use object of type stdClass as array in /home/u615969973/domains/kapscake.in/public_html/wp-content/plugins/widget-logic/widget_logic.php:257
Stack trace:
#0 /home/u615969973/domains/kapscake.in/public_html/wp-includes/class-wp-hook.php(310): widget_logic_in_widget_form()
#1 /home/u615969973/domains/kapscake.in/public_html/wp-includes/class-wp-hook.php(334): WP_Hook->apply_filters()
#2 /home/u615969973/domains/kapscake.in/public_html/wp-includes/plugin.php(565): WP_Hook->do_action()
#3 /home/u615969973/domains/kapscake.in/public_html/wp-includes/class-wp-widget.php(553): do_action_ref_array()
#4 /home/u615969973/domains/kapscake.in/public_html/wp-includes/class-wp-customize-widgets.php(1661): WP_Widget->form_callback()
#5 /home/u615969973/domains/kapscake.in/public_html/wp-includes/class-wp-customize-widgets.php(1722): WP_Customize_Widgets->call_widget_update()
#6 /home/u615969973/domains/kapscake.in/public_html/wp-admin/includes/ajax-actions.php(2450): WP_Customize_Widgets->wp_ajax_update_widget()
#7 /home/u615969973/domains/kapscake.in/public_html/wp-includes/class-wp-hook.php(310): wp_ajax_update_widget()
#8 /home/u615969973/domains/kapscake.in/public_html/wp-includes/class-wp-hook.php(334): WP_Hook->apply_filters()
#9 /home/u615969973/domains/kapscake.in/public_html/wp-includes/plugin.php(517): WP_Hook->do_action()
#10 /home/u615969973/domains/kapscake.in/public_html/wp-admin/admin-ajax.php(188): do_action()
#11 {main}
  thrown in /home/u615969973/domains/kapscake.in/public_html/wp-content/plugins/widget-logic/widget_logic.php on line 257

2023-10-02T18:50:41+00:00 CRITICAL Uncaught Error: Cannot use object of type stdClass as array in /home/u615969973/domains/kapscake.in/public_html/wp-content/plugins/widget-logic/widget_logic.php:257
Stack trace:
#0 /home/u615969973/domains/kapscake.in/public_html/wp-includes/class-wp-hook.php(310): widget_logic_in_widget_form()
#1 /home/u615969973/domains/kapscake.in/public_html/wp-includes/class-wp-hook.php(334): WP_Hook->apply_filters()
#2 /home/u615969973/domains/kapscake.in/public_html/wp-includes/plugin.php(565): WP_Hook->do_action()
#3 /home/u615969973/domains/kapscake.in/public_html/wp-includes/class-wp-widget.php(553): do_action_ref_array()
#4 /home/u615969973/domains/kapscake.in/public_html/wp-includes/class-wp-customize-widgets.php(1661): WP_Widget->form_callback()
#5 /home/u615969973/domains/kapscake.in/public_html/wp-includes/class-wp-customize-widgets.php(1722): WP_Customize_Widgets->call_widget_update()
#6 /home/u615969973/domains/kapscake.in/public_html/wp-admin/includes/ajax-actions.php(2450): WP_Customize_Widgets->wp_ajax_update_widget()
#7 /home/u615969973/domains/kapscake.in/public_html/wp-includes/class-wp-hook.php(310): wp_ajax_update_widget()
#8 /home/u615969973/domains/kapscake.in/public_html/wp-includes/class-wp-hook.php(334): WP_Hook->apply_filters()
#9 /home/u615969973/domains/kapscake.in/public_html/wp-includes/plugin.php(517): WP_Hook->do_action()
#10 /home/u615969973/domains/kapscake.in/public_html/wp-admin/admin-ajax.php(188): do_action()
#11 {main}
  thrown in /home/u615969973/domains/kapscake.in/public_html/wp-content/plugins/widget-logic/widget_logic.php on line 257

2023-10-02T18:50:42+00:00 CRITICAL Uncaught Error: Cannot use object of type stdClass as array in /home/u615969973/domains/kapscake.in/public_html/wp-content/plugins/widget-logic/widget_logic.php:257
Stack trace:
#0 /home/u615969973/domains/kapscake.in/public_html/wp-includes/class-wp-hook.php(310): widget_logic_in_widget_form()
#1 /home/u615969973/domains/kapscake.in/public_html/wp-includes/class-wp-hook.php(334): WP_Hook->apply_filters()
#2 /home/u615969973/domains/kapscake.in/public_html/wp-includes/plugin.php(565): WP_Hook->do_action()
#3 /home/u615969973/domains/kapscake.in/public_html/wp-includes/class-wp-widget.php(553): do_action_ref_array()
#4 /home/u615969973/domains/kapscake.in/public_html/wp-includes/class-wp-customize-widgets.php(1661): WP_Widget->form_callback()
#5 /home/u615969973/domains/kapscake.in/public_html/wp-includes/class-wp-customize-widgets.php(1722): WP_Customize_Widgets->call_widget_update()
#6 /home/u615969973/domains/kapscake.in/public_html/wp-admin/includes/ajax-actions.php(2450): WP_Customize_Widgets->wp_ajax_update_widget()
#7 /home/u615969973/domains/kapscake.in/public_html/wp-includes/class-wp-hook.php(310): wp_ajax_update_widget()
#8 /home/u615969973/domains/kapscake.in/public_html/wp-includes/class-wp-hook.php(334): WP_Hook->apply_filters()
#9 /home/u615969973/domains/kapscake.in/public_html/wp-includes/plugin.php(517): WP_Hook->do_action()
#10 /home/u615969973/domains/kapscake.in/public_html/wp-admin/admin-ajax.php(188): do_action()
#11 {main}
  thrown in /home/u615969973/domains/kapscake.in/public_html/wp-content/plugins/widget-logic/widget_logic.php on line 257

2023-10-02T18:50:44+00:00 CRITICAL Uncaught Error: Cannot use object of type stdClass as array in /home/u615969973/domains/kapscake.in/public_html/wp-content/plugins/widget-logic/widget_logic.php:257
Stack trace:
#0 /home/u615969973/domains/kapscake.in/public_html/wp-includes/class-wp-hook.php(310): widget_logic_in_widget_form()
#1 /home/u615969973/domains/kapscake.in/public_html/wp-includes/class-wp-hook.php(334): WP_Hook->apply_filters()
#2 /home/u615969973/domains/kapscake.in/public_html/wp-includes/plugin.php(565): WP_Hook->do_action()
#3 /home/u615969973/domains/kapscake.in/public_html/wp-includes/class-wp-widget.php(553): do_action_ref_array()
#4 /home/u615969973/domains/kapscake.in/public_html/wp-includes/class-wp-customize-widgets.php(1661): WP_Widget->form_callback()
#5 /home/u615969973/domains/kapscake.in/public_html/wp-includes/class-wp-customize-widgets.php(1722): WP_Customize_Widgets->call_widget_update()
#6 /home/u615969973/domains/kapscake.in/public_html/wp-admin/includes/ajax-actions.php(2450): WP_Customize_Widgets->wp_ajax_update_widget()
#7 /home/u615969973/domains/kapscake.in/public_html/wp-includes/class-wp-hook.php(310): wp_ajax_update_widget()
#8 /home/u615969973/domains/kapscake.in/public_html/wp-includes/class-wp-hook.php(334): WP_Hook->apply_filters()
#9 /home/u615969973/domains/kapscake.in/public_html/wp-includes/plugin.php(517): WP_Hook->do_action()
#10 /home/u615969973/domains/kapscake.in/public_html/wp-admin/admin-ajax.php(188): do_action()
#11 {main}
  thrown in /home/u615969973/domains/kapscake.in/public_html/wp-content/plugins/widget-logic/widget_logic.php on line 257

